# JRE version: OpenJDK Runtime Environment AdoptOpenJDK-11.0.11+9 (11.0.11+9) (build 11.0.11+9)
# Java VM: OpenJDK 64-Bit Server VM AdoptOpenJDK-11.0.11+9 (11.0.11+9, mixed mode, tiered, compressed oops, g1 gc, bsd-amd64)
Heap:
 garbage-first heap   total 262144K, used 163840K [0x00000007e0000000, 0x0000000800000000)
  region size 1024K, 11 young (11264K), 8 survivors (8192K)
 Metaspace       used 94672K, capacity 98913K, committed 99148K, reserved 339968K
  class space    used 11706K, capacity 13313K, committed 13388K, reserved 253952K
GC Heap History (20 events):
Event: 24.743 GC heap before
{Heap before GC invocations=16 (full 0):
 garbage-first heap   total 262144K, used 198576K [0x00000007e0000000, 0x0000000800000000)
  region size 1024K, 140 young (143360K), 13 survivors (13312K)
 Metaspace       used 80238K, capacity 82910K, committed 83276K, reserved 327680K
  class space    used 10188K, capacity 11258K, committed 11340K, reserved 253952K
}
Event: 24.770 GC heap after
{Heap after GC invocations=17 (full 0):
 garbage-first heap   total 262144K, used 77312K [0x00000007e0000000, 0x0000000800000000)
  region size 1024K, 8 young (8192K), 8 survivors (8192K)
 Metaspace       used 80238K, capacity 82910K, committed 83276K, reserved 327680K
  class space    used 10188K, capacity 11258K, committed 11340K, reserved 253952K
}
Event: 25.251 GC heap before
{Heap before GC invocations=17 (full 0):
 garbage-first heap   total 262144K, used 202240K [0x00000007e0000000, 0x0000000800000000)
  region size 1024K, 132 young (135168K), 8 survivors (8192K)
 Metaspace       used 80289K, capacity 83038K, committed 83276K, reserved 327680K
  class space    used 10188K, capacity 11258K, committed 11340K, reserved 253952K
}
Event: 25.259 GC heap after
{Heap after GC invocations=18 (full 0):
 garbage-first heap   total 262144K, used 79872K [0x00000007e0000000, 0x0000000800000000)
  region size 1024K, 10 young (10240K), 10 survivors (10240K)
 Metaspace       used 80289K, capacity 83038K, committed 83276K, reserved 327680K
  class space    used 10188K, capacity 11258K, committed 11340K, reserved 253952K
}
Event: 25.679 GC heap before
{Heap before GC invocations=18 (full 0):
 garbage-first heap   total 262144K, used 204800K [0x00000007e0000000, 0x0000000800000000)
  region size 1024K, 134 young (137216K), 10 survivors (10240K)
 Metaspace       used 80372K, capacity 83038K, committed 83276K, reserved 327680K
  class space    used 10188K, capacity 11258K, committed 11340K, reserved 253952K
}
Event: 25.684 GC heap after
{Heap after GC invocations=19 (full 0):
 garbage-first heap   total 262144K, used 81059K [0x00000007e0000000, 0x0000000800000000)
  region size 1024K, 10 young (10240K), 10 survivors (10240K)
 Metaspace       used 80372K, capacity 83038K, committed 83276K, reserved 327680K
  class space    used 10188K, capacity 11258K, committed 11340K, reserved 253952K
}
Event: 26.107 GC heap before
{Heap before GC invocations=19 (full 0):
 garbage-first heap   total 262144K, used 205987K [0x00000007e0000000, 0x0000000800000000)
  region size 1024K, 133 young (136192K), 10 survivors (10240K)
 Metaspace       used 80379K, capacity 83038K, committed 83276K, reserved 327680K
  class space    used 10188K, capacity 11258K, committed 11340K, reserved 253952K
}
Event: 26.111 GC heap after
{Heap after GC invocations=20 (full 0):
 garbage-first heap   total 262144K, used 77964K [0x00000007e0000000, 0x0000000800000000)
  region size 1024K, 7 young (7168K), 7 survivors (7168K)
 Metaspace       used 80379K, capacity 83038K, committed 83276K, reserved 327680K
  class space    used 10188K, capacity 11258K, committed 11340K, reserved 253952K
}
Event: 26.748 GC heap before
{Heap before GC invocations=20 (full 0):
 garbage-first heap   total 262144K, used 209036K [0x00000007e0000000, 0x0000000800000000)
  region size 1024K, 135 young (138240K), 7 survivors (7168K)
 Metaspace       used 80497K, capacity 83127K, committed 83532K, reserved 327680K
  class space    used 10199K, capacity 11265K, committed 11340K, reserved 253952K
}
Event: 26.751 GC heap after
{Heap after GC invocations=21 (full 0):
 garbage-first heap   total 262144K, used 76705K [0x00000007e0000000, 0x0000000800000000)
  region size 1024K, 6 young (6144K), 6 survivors (6144K)
 Metaspace       used 80497K, capacity 83127K, committed 83532K, reserved 327680K
  class space    used 10199K, capacity 11265K, committed 11340K, reserved 253952K
}
Event: 28.685 GC heap before
{Heap before GC invocations=21 (full 0):
 garbage-first heap   total 262144K, used 210849K [0x00000007e0000000, 0x0000000800000000)
  region size 1024K, 137 young (140288K), 6 survivors (6144K)
 Metaspace       used 87347K, capacity 91036K, committed 91340K, reserved 333824K
  class space    used 11185K, capacity 12638K, committed 12748K, reserved 253952K
}
Event: 28.717 GC heap after
{Heap after GC invocations=22 (full 0):
 garbage-first heap   total 262144K, used 88597K [0x00000007e0000000, 0x0000000800000000)
  region size 1024K, 18 young (18432K), 18 survivors (18432K)
 Metaspace       used 87347K, capacity 91036K, committed 91340K, reserved 333824K
  class space    used 11185K, capacity 12638K, committed 12748K, reserved 253952K
}
Event: 235.433 GC heap before
{Heap before GC invocations=22 (full 0):
 garbage-first heap   total 262144K, used 203285K [0x00000007e0000000, 0x0000000800000000)
  region size 1024K, 131 young (134144K), 18 survivors (18432K)
 Metaspace       used 92962K, capacity 97144K, committed 97228K, reserved 337920K
  class space    used 11647K, capacity 13242K, committed 13260K, reserved 253952K
}
Event: 235.489 GC heap after
{Heap after GC invocations=23 (full 0):
 garbage-first heap   total 262144K, used 107135K [0x00000007e0000000, 0x0000000800000000)
  region size 1024K, 17 young (17408K), 17 survivors (17408K)
 Metaspace       used 92962K, capacity 97144K, committed 97228K, reserved 337920K
  class space    used 11647K, capacity 13242K, committed 13260K, reserved 253952K
}
Event: 831.592 GC heap before
{Heap before GC invocations=23 (full 0):
 garbage-first heap   total 262144K, used 202367K [0x00000007e0000000, 0x0000000800000000)
  region size 1024K, 111 young (113664K), 17 survivors (17408K)
 Metaspace       used 93924K, capacity 98187K, committed 98380K, reserved 339968K
  class space    used 11680K, capacity 13284K, committed 13388K, reserved 253952K
}
Event: 831.651 GC heap after
{Heap after GC invocations=24 (full 0):
 garbage-first heap   total 262144K, used 129024K [0x00000007e0000000, 0x0000000800000000)
  region size 1024K, 14 young (14336K), 14 survivors (14336K)
 Metaspace       used 93924K, capacity 98187K, committed 98380K, reserved 339968K
  class space    used 11680K, capacity 13284K, committed 13388K, reserved 253952K
}
Event: 910.764 GC heap before
{Heap before GC invocations=24 (full 0):
 garbage-first heap   total 262144K, used 200704K [0x00000007e0000000, 0x0000000800000000)
  region size 1024K, 85 young (87040K), 14 survivors (14336K)
 Metaspace       used 94433K, capacity 98702K, committed 98892K, reserved 339968K
  class space    used 11702K, capacity 13312K, committed 13388K, reserved 253952K
}
Event: 910.945 GC heap after
{Heap after GC invocations=25 (full 0):
 garbage-first heap   total 262144K, used 147968K [0x00000007e0000000, 0x0000000800000000)
  region size 1024K, 11 young (11264K), 11 survivors (11264K)
 Metaspace       used 94433K, capacity 98702K, committed 98892K, reserved 339968K
  class space    used 11702K, capacity 13312K, committed 13388K, reserved 253952K
}
Event: 1032.775 GC heap before
{Heap before GC invocations=25 (full 0):
 garbage-first heap   total 262144K, used 201216K [0x00000007e0000000, 0x0000000800000000)
  region size 1024K, 64 young (65536K), 11 survivors (11264K)
 Metaspace       used 94657K, capacity 98913K, committed 99148K, reserved 339968K
  class space    used 11706K, capacity 13313K, committed 13388K, reserved 253952K
}
Event: 1032.873 GC heap after
{Heap after GC invocations=26 (full 0):
 garbage-first heap   total 262144K, used 161792K [0x00000007e0000000, 0x0000000800000000)
  region size 1024K, 8 young (8192K), 8 survivors (8192K)
 Metaspace       used 94657K, capacity 98913K, committed 99148K, reserved 339968K
  class space    used 11706K, capacity 13313K, committed 13388K, reserved 253952K
}

